<?xml version="1.0" encoding="UTF-8"?>
<!-- Generated by org.testng.reporters.JUnitReportReporter -->
<testsuite skipped="1" hostname="DESKTOP-CO9HBR6" name="com.leaftaps.leads.testcases.TC02" tests="1" failures="0" timestamp="10 Aug 2019 12:19:10 GMT" time="0.000" errors="0">
  <testcase name="createLe" time="0.000" classname="com.leaftaps.leads.testcases.TC02">
    <skipped/>
  </testcase> <!-- createLe -->
</testsuite> <!-- com.leaftaps.leads.testcases.TC02 -->
