<?xml version="1.0" encoding="UTF-8"?>
<!-- Generated by org.testng.reporters.JUnitReportReporter -->
<testsuite skipped="0" hostname="DESKTOP-CO9HBR6" name="testngp.CreateL" tests="1" failures="0" timestamp="06 Aug 2019 14:46:04 GMT" time="30.207" errors="0">
  <testcase name="runCreateLead" time="30.207" classname="testngp.CreateL"/>
</testsuite> <!-- testngp.CreateL -->
